<?xml version="1.0" encoding="UTF-8"?>
<!-- Generated by org.testng.reporters.JUnitXMLReporter -->
<testsuite hostname="DESKTOP-IHD58UK" ignored="0" name="Surefire test" tests="3" failures="1" timestamp="14 Aug 2020 06:25:20 GMT" time="0.05" errors="0">
  <testcase name="LoginApihomeloan" time="0.009" classname="TestTestNg.Day4Test"/>
  <testcase name="Mobileloginhomeloan" time="0.0" classname="TestTestNg.Day4Test"/>
  <testcase name="Webloginhomeloan" time="0.0" classname="TestTestNg.Day4Test">
    <failure type="org.testng.TestNGException" message="
Parameter &amp;apos;URL&amp;apos; is required by @Test on method Webloginhomeloan but has not been marked @Optional or defined
">
      <![CDATA[org.testng.TestNGException: 
Parameter 'URL' is required by @Test on method Webloginhomeloan but has not been marked @Optional or defined

... Removed 29 stack frames]]>
    </failure>
  </testcase> <!-- Webloginhomeloan -->
</testsuite> <!-- Surefire test -->
