-------------------------------------------------------------------------------
Test set: TestTestNg.Day4Test
-------------------------------------------------------------------------------
Tests run: 3, Failures: 1, Errors: 0, Skipped: 0, Time elapsed: 0.881 s <<< FAILURE! - in TestTestNg.Day4Test
Webloginhomeloan(TestTestNg.Day4Test)  Time elapsed: 0.261 s  <<< FAILURE!
org.testng.TestNGException: 

Parameter 'URL' is required by @Test on method Webloginhomeloan but has not been marked @Optional or defined


