-------------------------------------------------------------------------------
Test set: TestTestNg.Day1Test
-------------------------------------------------------------------------------
Tests run: 2, Failures: 1, Errors: 0, Skipped: 0, Time elapsed: 0.915 s <<< FAILURE! - in TestTestNg.Day1Test
Demo(TestTestNg.Day1Test)  Time elapsed: 0.021 s  <<< FAILURE!
java.lang.AssertionError: expected [true] but found [false]
	at TestTestNg.Day1Test.Demo(Day1Test.java:21)

